<?xml version="1.0" encoding="UTF-8"?>
<!-- Generated by org.testng.reporters.JUnitReportReporter -->
<testsuite hostname="DELOWER4-PC" failures="0" tests="1" name="sandalia.apps.AppTest" time="6.903" errors="0" timestamp="2025-05-31T13:49:25 GMT+06:00" skipped="0">
  <testcase classname="sandalia.apps.AppTest" name="testCase01" time="6.903"/>
</testsuite> <!-- sandalia.apps.AppTest -->
