<?xml version="1.0" encoding="UTF-8"?>
<!-- Generated by org.testng.reporters.JUnitReportReporter -->
<testsuite hostname="DELOWER4-PC" failures="0" tests="2" name="sandalia.apps.AppTest" time="20.002" errors="0" timestamp="2025-06-06T17:51:10 GMT+06:00" skipped="0">
  <testcase classname="sandalia.apps.AppTest" name="listActiveIntegrations" time="15.665"/>
  <testcase classname="sandalia.apps.AppTest" name="listAllIntegrations" time="4.337"/>
</testsuite> <!-- sandalia.apps.AppTest -->
